<?xml version="1.0" encoding="UTF-8"?>
<!-- Generated by org.testng.reporters.JUnitXMLReporter -->
<testsuite ignored="0" hostname="DESKTOP-48Q58V6" failures="0" tests="3" name="Test" time="18.667" errors="0" timestamp="2024-03-22T20:31:22 IST">
  <testcase classname="testCases.TC002_LoginTest" name="verifylogin" time="2.848"/>
  <testcase classname="testCases.TC004_Searchproduct" name="search" time="1.911"/>
  <testcase classname="testCases.TC004_Searchproduct" name="invalidsearch" time="1.474"/>
</testsuite> <!-- Test -->
