<?xml version="1.0" encoding="UTF-8"?>
<!-- Generated by org.testng.reporters.JUnitXMLReporter -->
<testsuite ignored="1" hostname="DESKTOP-48Q58V6" failures="0" tests="2" name="Test" time="11.905" errors="0" timestamp="2024-03-21T22:57:01 IST">
  <testcase classname="testCases.TC002_LoginTest" name="verifylogin" time="2.195"/>
  <testcase classname="testCases.TC004_Searchproduct" name="search" time="1.51"/>
  <testcase classname="testCases.TC001_AccountRegistrationtest" name="verify_account_registration" time="0.0">
    <ignored/>
  </testcase> <!-- verify_account_registration -->
</testsuite> <!-- Test -->
