<?xml version="1.0" encoding="UTF-8"?>
<!-- Generated by org.testng.reporters.JUnitXMLReporter -->
<testsuite ignored="1" hostname="DESKTOP-48Q58V6" failures="0" tests="6" name="Test" time="26.057" errors="0" timestamp="2024-03-24T23:22:28 IST">
  <testcase classname="testCases.TC002_LoginTest" name="verifylogin" time="3.017"/>
  <testcase classname="testCases.TC004_Searchproduct" name="search" time="1.934"/>
  <testcase classname="testCases.TC004_Searchproduct" name="invalidsearch" time="1.574"/>
  <testcase classname="testCases.TC005_AddToCart" name="logintoApp" time="2.245"/>
  <testcase classname="testCases.TC005_AddToCart" name="validateCart" time="1.973"/>
  <testcase classname="testCases.TC005_AddToCart" name="additeamtocart" time="1.123"/>
  <testcase classname="testCases.TC001_AccountRegistrationtest" name="verify_account_registration" time="0.0">
    <ignored/>
  </testcase> <!-- verify_account_registration -->
</testsuite> <!-- Test -->
