<?xml version="1.0" encoding="UTF-8"?>
<testng-results ignored="0" total="2" passed="2" failed="0" skipped="0">
  <reporter-output>
  </reporter-output>
  <suite started-at="2024-03-21T22:56:47 IST" name="Suite" finished-at="2024-03-21T22:56:59 IST" duration-ms="11905">
    <groups>
      <group name="sanity">
        <method signature="TC002_LoginTest.verifylogin()[pri:0, instance:testCases.TC002_LoginTest@1a451d4d]" name="verifylogin" class="testCases.TC002_LoginTest"/>
        <method signature="TC004_Searchproduct.search()[pri:0, instance:testCases.TC004_Searchproduct@7fa98a66]" name="search" class="testCases.TC004_Searchproduct"/>
      </group> <!-- sanity -->
      <group name="master">
        <method signature="TC002_LoginTest.verifylogin()[pri:0, instance:testCases.TC002_LoginTest@1a451d4d]" name="verifylogin" class="testCases.TC002_LoginTest"/>
      </group> <!-- master -->
    </groups>
    <test started-at="2024-03-21T22:56:47 IST" name="Test" finished-at="2024-03-21T22:56:59 IST" duration-ms="11905">
      <class name="testCases.TC002_LoginTest">
        <test-method is-config="true" signature="setup(java.lang.String,java.lang.String)[pri:0, instance:testCases.TC002_LoginTest@1a451d4d]" started-at="2024-03-21T22:56:48 IST" name="setup" finished-at="2024-03-21T22:56:52 IST" duration-ms="4400" status="PASS">
          <params>
            <param index="0">
              <value>
                <![CDATA[windows]]>
              </value>
            </param>
            <param index="1">
              <value>
                <![CDATA[chrome]]>
              </value>
            </param>
          </params>
          <reporter-output>
          </reporter-output>
        </test-method> <!-- setup -->
        <test-method signature="verifylogin()[pri:0, instance:testCases.TC002_LoginTest@1a451d4d]" started-at="2024-03-21T22:56:52 IST" name="verifylogin" finished-at="2024-03-21T22:56:54 IST" duration-ms="2195" status="PASS">
          <reporter-output>
          </reporter-output>
        </test-method> <!-- verifylogin -->
        <test-method is-config="true" signature="teardown()[pri:0, instance:testCases.TC002_LoginTest@1a451d4d]" started-at="2024-03-21T22:56:54 IST" name="teardown" finished-at="2024-03-21T22:56:54 IST" duration-ms="213" status="PASS">
          <reporter-output>
          </reporter-output>
        </test-method> <!-- teardown -->
      </class> <!-- testCases.TC002_LoginTest -->
      <class name="testCases.TC004_Searchproduct">
        <test-method is-config="true" signature="setup(java.lang.String,java.lang.String)[pri:0, instance:testCases.TC004_Searchproduct@7fa98a66]" started-at="2024-03-21T22:56:54 IST" name="setup" finished-at="2024-03-21T22:56:57 IST" duration-ms="2885" status="PASS">
          <params>
            <param index="0">
              <value>
                <![CDATA[windows]]>
              </value>
            </param>
            <param index="1">
              <value>
                <![CDATA[chrome]]>
              </value>
            </param>
          </params>
          <reporter-output>
          </reporter-output>
        </test-method> <!-- setup -->
        <test-method signature="search()[pri:0, instance:testCases.TC004_Searchproduct@7fa98a66]" started-at="2024-03-21T22:56:57 IST" name="search" finished-at="2024-03-21T22:56:59 IST" duration-ms="1510" status="PASS">
          <reporter-output>
          </reporter-output>
        </test-method> <!-- search -->
        <test-method is-config="true" signature="teardown()[pri:0, instance:testCases.TC004_Searchproduct@7fa98a66]" started-at="2024-03-21T22:56:59 IST" name="teardown" finished-at="2024-03-21T22:56:59 IST" duration-ms="222" status="PASS">
          <reporter-output>
          </reporter-output>
        </test-method> <!-- teardown -->
      </class> <!-- testCases.TC004_Searchproduct -->
    </test> <!-- Test -->
  </suite> <!-- Suite -->
</testng-results>
