<?xml version="1.0" encoding="UTF-8"?>
<testsuite xmlns:xsi="http://www.w3.org/2001/XMLSchema-instance" xsi:noNamespaceSchemaLocation="https://maven.apache.org/surefire/maven-surefire-plugin/xsd/surefire-test-report-3.0.xsd" version="3.0" name="TestSuite" time="29.224" tests="6" errors="0" skipped="0" failures="0">
  <properties>
[...]
</properties>
  <testcase name="verifylogin" classname="testCases.TC002_LoginTest" time="3.044">
    <system-out><![CDATA[23:22:06.314 [main] INFO  testCases.TC002_LoginTest - ***** Test Case for Login *****
23:22:07.917 [main] INFO  testCases.TC002_LoginTest - clicked on the login button
23:22:08.359 [main] INFO  testCases.TC002_LoginTest - clicked on the Login after adding valid email and Password
23:22:09.311 [main] INFO  testCases.TC002_LoginTest - My Account text is validated
23:22:09.312 [main] INFO  testCases.TC002_LoginTest - Test case executed
]]></system-out>
    <system-err><![CDATA[SLF4J: Failed to load class "org.slf4j.impl.StaticLoggerBinder".
SLF4J: Defaulting to no-operation (NOP) logger implementation
SLF4J: See http://www.slf4j.org/codes.html#StaticLoggerBinder for further details.
]]></system-err>
  </testcase>
  <testcase name="search" classname="testCases.TC004_Searchproduct" time="1.94">
    <system-out><![CDATA[23:22:12.743 [main] INFO  testCases.TC004_Searchproduct - *****Test case started for - Valid iteam******
23:22:12.941 [main] INFO  testCases.TC004_Searchproduct - Iteam inserted in search box
23:22:14.567 [main] INFO  testCases.TC004_Searchproduct - clicked on serach button
23:22:14.675 [main] INFO  testCases.TC004_Searchproduct - Test cases executed for valid iteam
]]></system-out>
    <system-err><![CDATA[Mar 24, 2024 11:22:09 PM org.openqa.selenium.remote.http.WebSocket$Listener onError
WARNING: Connection reset
java.net.SocketException: Connection reset
	at java.base/sun.nio.ch.SocketChannelImpl.throwConnectionReset(SocketChannelImpl.java:394)
	at java.base/sun.nio.ch.SocketChannelImpl.read(SocketChannelImpl.java:426)
	at java.net.http/jdk.internal.net.http.SocketTube.readAvailable(SocketTube.java:1170)
	at java.net.http/jdk.internal.net.http.SocketTube$InternalReadPublisher$InternalReadSubscription.read(SocketTube.java:833)
	at java.net.http/jdk.internal.net.http.SocketTube$SocketFlowTask.run(SocketTube.java:181)
	at java.net.http/jdk.internal.net.http.common.SequentialScheduler$SchedulableTask.run(SequentialScheduler.java:230)
	at java.net.http/jdk.internal.net.http.common.SequentialScheduler.runOrSchedule(SequentialScheduler.java:303)
	at java.net.http/jdk.internal.net.http.common.SequentialScheduler.runOrSchedule(SequentialScheduler.java:256)
	at java.net.http/jdk.internal.net.http.SocketTube$InternalReadPublisher$InternalReadSubscription.signalReadable(SocketTube.java:774)
	at java.net.http/jdk.internal.net.http.SocketTube$InternalReadPublisher$ReadEvent.signalEvent(SocketTube.java:957)
	at java.net.http/jdk.internal.net.http.SocketTube$SocketFlowEvent.handle(SocketTube.java:253)
	at java.net.http/jdk.internal.net.http.HttpClientImpl$SelectorManager.handleEvent(HttpClientImpl.java:979)
	at java.net.http/jdk.internal.net.http.HttpClientImpl$SelectorManager.lambda$run$3(HttpClientImpl.java:934)
	at java.base/java.util.ArrayList.forEach(ArrayList.java:1511)
	at java.net.http/jdk.internal.net.http.HttpClientImpl$SelectorManager.run(HttpClientImpl.java:934)

]]></system-err>
  </testcase>
  <testcase name="invalidsearch" classname="testCases.TC004_Searchproduct" time="1.57">
    <system-out><![CDATA[23:22:14.680 [main] INFO  testCases.TC004_Searchproduct - *****Test case started for Serach - Invalid Iteam******
23:22:14.858 [main] INFO  testCases.TC004_Searchproduct - Invalid iteam inserted
23:22:16.180 [main] INFO  testCases.TC004_Searchproduct - clicked on serach button
23:22:16.253 [main] INFO  testCases.TC004_Searchproduct - Test cases executed for invalid iteam
]]></system-out>
  </testcase>
  <testcase name="logintoApp" classname="testCases.TC005_AddToCart" time="2.24">
    <system-out><![CDATA[23:22:20.828 [main] INFO  testCases.TC005_AddToCart - *** Login to the application ***
23:22:21.829 [main] INFO  testCases.TC005_AddToCart - clicked on the login button
23:22:22.304 [main] INFO  testCases.TC005_AddToCart - clicked on the Login after adding valid email and Password
23:22:23.071 [main] INFO  testCases.TC005_AddToCart - My Account text is validated
23:22:23.071 [main] INFO  testCases.TC005_AddToCart - Test case executed
]]></system-out>
    <system-err><![CDATA[Mar 24, 2024 11:22:16 PM org.openqa.selenium.remote.http.WebSocket$Listener onError
WARNING: Connection reset
java.net.SocketException: Connection reset
	at java.base/sun.nio.ch.SocketChannelImpl.throwConnectionReset(SocketChannelImpl.java:394)
	at java.base/sun.nio.ch.SocketChannelImpl.read(SocketChannelImpl.java:426)
	at java.net.http/jdk.internal.net.http.SocketTube.readAvailable(SocketTube.java:1170)
	at java.net.http/jdk.internal.net.http.SocketTube$InternalReadPublisher$InternalReadSubscription.read(SocketTube.java:833)
	at java.net.http/jdk.internal.net.http.SocketTube$SocketFlowTask.run(SocketTube.java:181)
	at java.net.http/jdk.internal.net.http.common.SequentialScheduler$SchedulableTask.run(SequentialScheduler.java:230)
	at java.net.http/jdk.internal.net.http.common.SequentialScheduler.runOrSchedule(SequentialScheduler.java:303)
	at java.net.http/jdk.internal.net.http.common.SequentialScheduler.runOrSchedule(SequentialScheduler.java:256)
	at java.net.http/jdk.internal.net.http.SocketTube$InternalReadPublisher$InternalReadSubscription.signalReadable(SocketTube.java:774)
	at java.net.http/jdk.internal.net.http.SocketTube$InternalReadPublisher$ReadEvent.signalEvent(SocketTube.java:957)
	at java.net.http/jdk.internal.net.http.SocketTube$SocketFlowEvent.handle(SocketTube.java:253)
	at java.net.http/jdk.internal.net.http.HttpClientImpl$SelectorManager.handleEvent(HttpClientImpl.java:979)
	at java.net.http/jdk.internal.net.http.HttpClientImpl$SelectorManager.lambda$run$3(HttpClientImpl.java:934)
	at java.base/java.util.ArrayList.forEach(ArrayList.java:1511)
	at java.net.http/jdk.internal.net.http.HttpClientImpl$SelectorManager.run(HttpClientImpl.java:934)

]]></system-err>
  </testcase>
  <testcase name="validateCart" classname="testCases.TC005_AddToCart" time="1.992">
    <system-out><![CDATA[23:22:23.076 [main] INFO  testCases.TC005_AddToCart - *****Test case started for - Valid iteam******
23:22:23.215 [main] INFO  testCases.TC005_AddToCart - Iteam inserted in search box
23:22:25.047 [main] INFO  testCases.TC005_AddToCart - clicked on serach button
]]></system-out>
  </testcase>
  <testcase name="additeamtocart" classname="testCases.TC005_AddToCart" time="1.134">
    <system-out><![CDATA[23:22:25.808 [main] INFO  testCases.TC005_AddToCart - clicked on the product
23:22:25.928 [main] INFO  testCases.TC005_AddToCart - clicked on the Apply
23:22:26.094 [main] INFO  testCases.TC005_AddToCart - clicked on the Cart button
23:22:26.181 [main] INFO  testCases.TC005_AddToCart - The added iteam text is validated
23:22:26.184 [main] INFO  testCases.TC005_AddToCart - Test case Executed
]]></system-out>
  </testcase>
</testsuite>