<?xml version="1.0" encoding="UTF-8"?>
<testng-results ignored="0" total="3" passed="3" failed="0" skipped="0">
  <reporter-output>
  </reporter-output>
  <suite started-at="2024-03-24T23:20:18 IST" name="Suite" finished-at="2024-03-24T23:20:27 IST" duration-ms="9264">
    <groups>
      <group name="sanity">
        <method signature="TC005_AddToCart.logintoApp()[pri:1, instance:testCases.TC005_AddToCart@78691363]" name="logintoApp" class="testCases.TC005_AddToCart"/>
        <method signature="TC005_AddToCart.validateCart()[pri:2, instance:testCases.TC005_AddToCart@78691363]" name="validateCart" class="testCases.TC005_AddToCart"/>
        <method signature="TC005_AddToCart.additeamtocart()[pri:3, instance:testCases.TC005_AddToCart@78691363]" name="additeamtocart" class="testCases.TC005_AddToCart"/>
      </group> <!-- sanity -->
    </groups>
    <test started-at="2024-03-24T23:20:18 IST" name="Test" finished-at="2024-03-24T23:20:27 IST" duration-ms="9264">
      <class name="testCases.TC005_AddToCart">
        <test-method is-config="true" signature="setup(java.lang.String,java.lang.String)[pri:0, instance:testCases.TC005_AddToCart@78691363]" started-at="2024-03-24T23:20:18 IST" name="setup" finished-at="2024-03-24T23:20:23 IST" duration-ms="4598" status="PASS">
          <params>
            <param index="0">
              <value>
                <![CDATA[windows]]>
              </value>
            </param>
            <param index="1">
              <value>
                <![CDATA[chrome]]>
              </value>
            </param>
          </params>
          <reporter-output>
          </reporter-output>
        </test-method> <!-- setup -->
        <test-method signature="logintoApp()[pri:1, instance:testCases.TC005_AddToCart@78691363]" started-at="2024-03-24T23:20:23 IST" name="logintoApp" finished-at="2024-03-24T23:20:25 IST" duration-ms="2041" status="PASS">
          <reporter-output>
          </reporter-output>
        </test-method> <!-- logintoApp -->
        <test-method signature="validateCart()[pri:2, instance:testCases.TC005_AddToCart@78691363]" started-at="2024-03-24T23:20:25 IST" name="validateCart" finished-at="2024-03-24T23:20:26 IST" duration-ms="1196" status="PASS">
          <reporter-output>
          </reporter-output>
        </test-method> <!-- validateCart -->
        <test-method signature="additeamtocart()[pri:3, instance:testCases.TC005_AddToCart@78691363]" started-at="2024-03-24T23:20:26 IST" name="additeamtocart" finished-at="2024-03-24T23:20:27 IST" duration-ms="1045" status="PASS">
          <reporter-output>
          </reporter-output>
        </test-method> <!-- additeamtocart -->
        <test-method is-config="true" signature="teardown()[pri:0, instance:testCases.TC005_AddToCart@78691363]" started-at="2024-03-24T23:20:27 IST" name="teardown" finished-at="2024-03-24T23:20:27 IST" duration-ms="268" status="PASS">
          <reporter-output>
          </reporter-output>
        </test-method> <!-- teardown -->
      </class> <!-- testCases.TC005_AddToCart -->
    </test> <!-- Test -->
  </suite> <!-- Suite -->
</testng-results>
